
> backend@1.0.0 dev
> nodemon src/index.js

[33m[nodemon] 3.1.11[39m
[33m[nodemon] to restart at any time, enter `rs`[39m
[33m[nodemon] watching path(s): *.*[39m
[33m[nodemon] watching extensions: js,mjs,cjs,json[39m
[32m[nodemon] starting `node src/index.js`[39m
[dotenv@17.2.3] injecting env (7) from .env -- tip: 🔑 add access controls to secrets: https://dotenvx.com/ops

 MongoDB connected !! DB HOST: localhost
⚙️ Server is running at port : 8000
[31m[nodemon] app crashed - waiting for file changes before starting...[39m
[32m[nodemon] restarting due to changes...[39m
[32m[nodemon] starting `node src/index.js`[39m
[32m[nodemon] restarting due to changes...[39m
[32m[nodemon] starting `node src/index.js`[39m
[dotenv@17.2.3] injecting env (7) from .env -- tip: ⚙️  suppress all logs with { quiet: true }

 MongoDB connected !! DB HOST: localhost
⚙️ Server is running at port : 8000
[32m[nodemon] restarting due to changes...[39m
[32m[nodemon] starting `node src/index.js`[39m
[dotenv@17.2.3] injecting env (7) from .env -- tip: ✅ audit secrets and track compliance: https://dotenvx.com/ops

 MongoDB connected !! DB HOST: localhost
⚙️ Server is running at port : 8000
