
> backend@1.0.0 dev
> nodemon src/index.js

[33m[nodemon] 3.1.11[39m
[33m[nodemon] to restart at any time, enter `rs`[39m
[33m[nodemon] watching path(s): *.*[39m
[33m[nodemon] watching extensions: js,mjs,cjs,json[39m
[32m[nodemon] starting `node src/index.js`[39m
[dotenv@17.2.3] injecting env (7) from .env -- tip: 👥 sync secrets across teammates & machines: https://dotenvx.com/ops

 MongoDB connected !! DB HOST: localhost
⚙️ Server is running at port : 8000
[32m[nodemon] restarting due to changes...[39m
[32m[nodemon] starting `node src/index.js`[39m
[dotenv@17.2.3] injecting env (7) from .env -- tip: 🔄 add secrets lifecycle management: https://dotenvx.com/ops

 MongoDB connected !! DB HOST: localhost
⚙️ Server is running at port : 8000
[32m[nodemon] restarting due to changes...[39m
[32m[nodemon] starting `node src/index.js`[39m
[dotenv@17.2.3] injecting env (7) from .env -- tip: ✅ audit secrets and track compliance: https://dotenvx.com/ops

 MongoDB connected !! DB HOST: localhost
⚙️ Server is running at port : 8000
[PythonRunner] Executing: /home/tish/thas/dynamic/ML/predict_cancer.py with args: [
  'lung',
  '/home/tish/thas/dynamic/config_driven/Backend/public/temp/file-1765860973524-176012504.png'
]
[PythonRunner] CWD: /home/tish/thas/dynamic/ML
[PythonRunner Stderr]: 2025-12-15 20:56:14.168071: I tensorflow/core/platform/cpu_feature_guard.cc:210] This TensorFlow binary is optimized to use available CPU instructions in performance-critical operations.
To enable the following instructions: AVX2 FMA, in other operations, rebuild TensorFlow with the appropriate compiler flags.

[PythonRunner Stderr]: WARNING: All log messages before absl::InitializeLog() is called are written to STDERR
I0000 00:00:1765860980.522685   11465 gpu_device.cc:2020] Created device /job:localhost/replica:0/task:0/device:GPU:0 with 2248 MB memory:  -> device: 0, name: NVIDIA GeForce GTX 1650, pci bus id: 0000:01:00.0, compute capability: 7.5

[PythonRunner Stderr]: 2025-12-15 20:56:32.948504: I external/local_xla/xla/service/service.cc:163] XLA service 0x78ae440031b0 initialized for platform CUDA (this does not guarantee that XLA will be used). Devices:
2025-12-15 20:56:32.948595: I external/local_xla/xla/service/service.cc:171]   StreamExecutor device (0): NVIDIA GeForce GTX 1650, Compute Capability 7.5

[PythonRunner Stderr]: 2025-12-15 20:56:36.924646: I tensorflow/compiler/mlir/tensorflow/utils/dump_mlir_util.cc:269] disabling MLIR crash reproducer, set env var `MLIR_CRASH_REPRODUCER_DIRECTORY` to enable.

[PythonRunner Stderr]: 2025-12-15 20:56:40.430386: I external/local_xla/xla/stream_executor/cuda/cuda_dnn.cc:473] Loaded cuDNN version 91700

[PythonRunner Stderr]: I0000 00:00:1765861004.698479   11519 device_compiler.h:196] Compiled cluster using XLA!  This line is logged at most once for the lifetime of the process.

[32m[nodemon] restarting child process[39m
[32m[nodemon] starting `node src/index.js`[39m
[dotenv@17.2.3] injecting env (7) from .env -- tip: 📡 add observability to secrets: https://dotenvx.com/ops

 MongoDB connected !! DB HOST: localhost
⚙️ Server is running at port : 8000
algorithm eng14{k25=2} for conv (f32[1,64,47,47]{3,2,1,0}, u8[0]{0}) custom-call(f32[1,32,49,49]{3,2,1,0}, f32[64,32,3,3]{3,2,1,0}, f32[64]{0}), window={size=3x3}, dim_labels=bf01_oi01->bf01, custom_call_target="__cudnn$convBiasActivationForward", backend_config={"operation_queue_id":"0","wait_on_operation_queues":[],"cudnn_conv_backend_config":{"activation_mode":"kRelu","conv_result_scale":1,"side_input_scale":0,"leakyrelu_alpha":0},"force_earliest_schedule":false,"reification_cost":[]}

[PythonRunner Stderr]: 2025-12-15 20:49:03.319293: I external/local_xla/xla/service/gpu/autotuning/conv_algorithm_picker.cc:546] Omitted potentially buggy algorithm eng14{k25=2} for conv (f32[1,64,21,21]{3,2,1,0}, u8[0]{0}) custom-call(f32[1,64,23,23]{3,2,1,0}, f32[64,64,3,3]{3,2,1,0}, f32[64]{0}), window={size=3x3}, dim_labels=bf01_oi01->bf01, custom_call_target="__cudnn$convBiasActivationForward", backend_config={"operation_queue_id":"0","wait_on_operation_queues":[],"cudnn_conv_backend_config":{"activation_mode":"kRelu","conv_result_scale":1,"side_input_scale":0,"leakyrelu_alpha":0},"force_earliest_schedule":false,"reification_cost":[]}

[PythonRunner Stderr]: I0000 00:00:1765860543.732501    9708 device_compiler.h:196] Compiled cluster using XLA!  This line is logged at most once for the lifetime of the process.

[PythonRunner] Executing: /home/tish/thas/dynamic/ML/predict_diabetes.py with args: [
  '{"Pregnancies":1,"Glucose":100,"BloodPressure":70,"SkinThickness":20,"Insulin":80,"BMI":25,"DiabetesPedigreeFunction":0.5,"Age":50}'
]
[PythonRunner] CWD: /home/tish/thas/dynamic/ML
[PythonRunner Stderr]: /home/tish/thas/Multi-Predict/ML/venv/lib/python3.10/site-packages/sklearn/utils/validation.py:2749: UserWarning: X does not have valid feature names, but SVC was fitted with feature names
  warnings.warn(

[32m[nodemon] restarting due to changes...[39m
[32m[nodemon] starting `node src/index.js`[39m
[dotenv@17.2.3] injecting env (7) from .env -- tip: 👥 sync secrets across teammates & machines: https://dotenvx.com/ops

 MongoDB connected !! DB HOST: localhost
⚙️ Server is running at port : 8000
[32m[nodemon] restarting child process[39m
[32m[nodemon] starting `node src/index.js`[39m
[dotenv@17.2.3] injecting env (7) from .env -- tip: ⚙️  suppress all logs with { quiet: true }

 MongoDB connected !! DB HOST: localhost
⚙️ Server is running at port : 8000
